2025-11-12 20:54:35,459 [INFO] 🚀 Starting continuous auto-sync (check every 10 minutes)
2025-11-12 20:54:35,459 [INFO] 🔄 Starting auto-sync to GitHub...
2025-11-12 20:54:35,502 [INFO] Changes staged successfully
2025-11-12 20:54:35,546 [INFO] Changes committed: Auto-sync [general] - 2025-11-12_20-54

.auto_sync.pid           |   1 +
 auto_sync.log            |  12 +++++
 auto_sync_background.log |   2 +
 start_auto_sync.sh       | 126 +++++++++++++++++++++++++++++++++++++++++++++++
 4 files changed, 141 insertions(+)
2025-11-12 20:54:35,547 [INFO] Pushing to GitHub (attempt 1/3)...
2025-11-12 20:55:36,266 [ERROR] Push timeout on attempt 1
2025-11-12 20:55:46,274 [INFO] Pushing to GitHub (attempt 2/3)...
2025-11-12 21:01:48,131 [ERROR] Push timeout on attempt 2
2025-11-12 21:01:58,140 [INFO] Pushing to GitHub (attempt 3/3)...
2025-11-12 21:20:37,295 [ERROR] Push timeout on attempt 3
2025-11-12 21:20:37,296 [ERROR] ❌ Auto-sync failed during push
2025-11-12 21:30:37,294 [INFO] 🔄 Starting auto-sync to GitHub...
2025-11-12 21:30:37,361 [INFO] Changes staged successfully
2025-11-12 21:30:37,425 [INFO] Changes committed: Auto-sync [general] - 2025-11-12_21-30

auto_sync.log            | 19 +++++++++++++++++++
 auto_sync_background.log | 16 ++++++++++++++++
 2 files changed, 35 insertions(+)
2025-11-12 21:30:37,425 [INFO] Pushing to GitHub (attempt 1/3)...
2025-11-12 21:31:37,429 [ERROR] Push timeout on attempt 1
2025-11-12 21:31:47,439 [INFO] Pushing to GitHub (attempt 2/3)...
2025-11-12 21:32:47,446 [ERROR] Push timeout on attempt 2
2025-11-12 21:32:57,451 [INFO] Pushing to GitHub (attempt 3/3)...
2025-11-12 21:33:57,456 [ERROR] Push timeout on attempt 3
2025-11-12 21:33:57,457 [ERROR] ❌ Auto-sync failed during push
2025-11-12 21:43:57,463 [INFO] 🔄 Starting auto-sync to GitHub...
2025-11-12 21:43:57,539 [INFO] Changes staged successfully
2025-11-12 21:43:57,612 [INFO] Changes committed: Auto-sync [general] - 2025-11-12_21-43

auto_sync.log            | 14 ++++++++++++++
 auto_sync_background.log | 14 ++++++++++++++
 2 files changed, 28 insertions(+)
2025-11-12 21:43:57,613 [INFO] Pushing to GitHub (attempt 1/3)...
2025-11-12 21:44:57,617 [ERROR] Push timeout on attempt 1
2025-11-12 21:45:07,623 [INFO] Pushing to GitHub (attempt 2/3)...
2025-11-12 21:46:07,639 [ERROR] Push timeout on attempt 2
2025-11-12 21:46:17,646 [INFO] Pushing to GitHub (attempt 3/3)...
2025-11-12 21:47:17,654 [ERROR] Push timeout on attempt 3
2025-11-12 21:47:17,654 [ERROR] ❌ Auto-sync failed during push
2025-11-12 21:57:17,654 [INFO] 🔄 Starting auto-sync to GitHub...
2025-11-12 21:57:17,727 [INFO] Changes staged successfully
2025-11-12 21:57:17,790 [INFO] Changes committed: Auto-sync [general] - 2025-11-12_21-57

auto_sync.log            | 14 ++++++++++++++
 auto_sync_background.log | 14 ++++++++++++++
 2 files changed, 28 insertions(+)
2025-11-12 21:57:17,791 [INFO] Pushing to GitHub (attempt 1/3)...
2025-11-12 21:58:17,795 [ERROR] Push timeout on attempt 1
2025-11-12 21:58:27,805 [INFO] Pushing to GitHub (attempt 2/3)...
2025-11-12 21:59:27,813 [ERROR] Push timeout on attempt 2
2025-11-12 21:59:37,815 [INFO] Pushing to GitHub (attempt 3/3)...
2025-11-12 22:00:37,822 [ERROR] Push timeout on attempt 3
2025-11-12 22:00:37,823 [ERROR] ❌ Auto-sync failed during push
2025-11-12 22:27:48,142 [INFO] 🔄 Starting auto-sync to GitHub...
2025-11-12 22:27:48,235 [INFO] Changes staged successfully
2025-11-12 22:27:48,279 [INFO] Changes committed: Auto-sync [general] - 2025-11-12_22-27

auto_sync.log            | 14 ++++++++++++++
 auto_sync_background.log | 14 ++++++++++++++
 2 files changed, 28 insertions(+)
2025-11-12 22:27:48,279 [INFO] Pushing to GitHub (attempt 1/3)...
2025-11-12 22:27:48,664 [WARNING] Push attempt 1 failed: fatal: could not read Username for 'https://github.com': Device not configured
2025-11-12 22:27:48,664 [ERROR] Non-recoverable error: fatal: could not read Username for 'https://github.com': Device not configured
2025-11-12 22:27:48,664 [ERROR] ❌ Auto-sync failed during push
2025-11-12 22:37:48,662 [INFO] 🔄 Starting auto-sync to GitHub...
2025-11-12 22:37:48,755 [INFO] Changes staged successfully
2025-11-12 22:37:48,799 [INFO] Changes committed: Auto-sync [general] - 2025-11-12_22-37

auto_sync.log            | 11 +++++++++++
 auto_sync_background.log | 11 +++++++++++
 2 files changed, 22 insertions(+)
2025-11-12 22:37:48,799 [INFO] Pushing to GitHub (attempt 1/3)...
2025-11-12 22:37:49,212 [WARNING] Push attempt 1 failed: fatal: could not read Username for 'https://github.com': Device not configured
2025-11-12 22:37:49,212 [ERROR] Non-recoverable error: fatal: could not read Username for 'https://github.com': Device not configured
2025-11-12 22:37:49,212 [ERROR] ❌ Auto-sync failed during push
2025-11-12 22:47:49,210 [INFO] 🔄 Starting auto-sync to GitHub...
2025-11-12 22:47:49,309 [INFO] Changes staged successfully
2025-11-12 22:47:49,357 [INFO] Changes committed: Auto-sync [general] - 2025-11-12_22-47

auto_sync.log            | 11 +++++++++++
 auto_sync_background.log | 11 +++++++++++
 2 files changed, 22 insertions(+)
2025-11-12 22:47:49,357 [INFO] Pushing to GitHub (attempt 1/3)...
2025-11-12 22:47:49,786 [WARNING] Push attempt 1 failed: fatal: could not read Username for 'https://github.com': Device not configured
2025-11-12 22:47:49,786 [ERROR] Non-recoverable error: fatal: could not read Username for 'https://github.com': Device not configured
2025-11-12 22:47:49,786 [ERROR] ❌ Auto-sync failed during push
2025-11-12 22:57:49,787 [INFO] 🔄 Starting auto-sync to GitHub...
2025-11-12 22:57:49,882 [INFO] Changes staged successfully
2025-11-12 22:57:49,929 [INFO] Changes committed: Auto-sync [general] - 2025-11-12_22-57

auto_sync.log            | 11 +++++++++++
 auto_sync_background.log | 11 +++++++++++
 2 files changed, 22 insertions(+)
2025-11-12 22:57:49,929 [INFO] Pushing to GitHub (attempt 1/3)...
2025-11-12 22:57:50,370 [WARNING] Push attempt 1 failed: fatal: could not read Username for 'https://github.com': Device not configured
2025-11-12 22:57:50,370 [ERROR] Non-recoverable error: fatal: could not read Username for 'https://github.com': Device not configured
2025-11-12 22:57:50,370 [ERROR] ❌ Auto-sync failed during push
2025-11-13 01:22:47,339 [INFO] 🔄 Starting auto-sync to GitHub...
