2025-11-12 20:52:03,933 [INFO] 🔄 Starting auto-sync to GitHub...
2025-11-12 20:52:03,977 [INFO] Changes staged successfully
2025-11-12 20:52:04,025 [INFO] Changes committed: Auto-sync [general] - 2025-11-12_20-52

auto_sync.log |   1 +
 auto_sync.py  | 259 ++++++++++++++++++++++++++++++++++++++++++++++++++++++++++
 2 files changed, 260 insertions(+)
2025-11-12 20:52:04,025 [INFO] Pushing to GitHub (attempt 1/3)...
2025-11-12 20:52:04,031 [WARNING] Push attempt 1 failed: /bin/sh: timeout: command not found
2025-11-12 20:52:04,031 [INFO] Network timeout, retrying...
2025-11-12 20:52:05,036 [INFO] Pushing to GitHub (attempt 2/3)...
2025-11-12 20:52:05,055 [WARNING] Push attempt 2 failed: /bin/sh: timeout: command not found
2025-11-12 20:52:05,055 [INFO] Network timeout, retrying...
2025-11-12 20:52:07,056 [INFO] Pushing to GitHub (attempt 3/3)...
2025-11-12 20:52:07,076 [WARNING] Push attempt 3 failed: /bin/sh: timeout: command not found
2025-11-12 20:52:07,076 [INFO] Network timeout, retrying...
2025-11-12 20:52:11,082 [ERROR] ❌ Auto-sync failed during push
2025-11-12 20:52:17,452 [INFO] 🔄 Starting auto-sync to GitHub...
2025-11-12 20:52:17,494 [INFO] Changes staged successfully
2025-11-12 20:52:17,537 [INFO] Changes committed: Auto-sync [general] - 2025-11-12_20-52

auto_sync.log | 17 +++++++++++++++++
 auto_sync.py  |  5 +++--
 2 files changed, 20 insertions(+), 2 deletions(-)
2025-11-12 20:52:17,537 [INFO] Pushing to GitHub (attempt 1/3)...
2025-11-12 20:53:17,542 [ERROR] Push timeout on attempt 1
2025-11-12 20:53:27,545 [INFO] Pushing to GitHub (attempt 2/3)...
2025-11-12 20:54:27,554 [ERROR] Push timeout on attempt 2
2025-11-12 20:54:35,459 [INFO] 🚀 Starting continuous auto-sync (check every 10 minutes)
2025-11-12 20:54:35,459 [INFO] 🔄 Starting auto-sync to GitHub...
